Traceback (most recent call last):
  File "/opt/hostedtoolcache/Python/3.10.5/x64/lib/python3.10/site-packages/jupyter_cache/executors/utils.py", line 51, in single_nb_execution
    executenb(
  File "/opt/hostedtoolcache/Python/3.10.5/x64/lib/python3.10/site-packages/nbclient/client.py", line 1204, in execute
    return NotebookClient(nb=nb, resources=resources, km=km, **kwargs).execute()
  File "/opt/hostedtoolcache/Python/3.10.5/x64/lib/python3.10/site-packages/nbclient/util.py", line 84, in wrapped
    return just_run(coro(*args, **kwargs))
  File "/opt/hostedtoolcache/Python/3.10.5/x64/lib/python3.10/site-packages/nbclient/util.py", line 62, in just_run
    return loop.run_until_complete(coro)
  File "/opt/hostedtoolcache/Python/3.10.5/x64/lib/python3.10/asyncio/base_events.py", line 646, in run_until_complete
    return future.result()
  File "/opt/hostedtoolcache/Python/3.10.5/x64/lib/python3.10/site-packages/nbclient/client.py", line 663, in async_execute
    await self.async_execute_cell(
  File "/opt/hostedtoolcache/Python/3.10.5/x64/lib/python3.10/site-packages/nbclient/client.py", line 965, in async_execute_cell
    await self._check_raise_for_error(cell, cell_index, exec_reply)
  File "/opt/hostedtoolcache/Python/3.10.5/x64/lib/python3.10/site-packages/nbclient/client.py", line 862, in _check_raise_for_error
    raise CellExecutionError.from_cell_and_msg(cell, exec_reply_content)
nbclient.exceptions.CellExecutionError: An error occurred while executing the following cell:
------------------
data = gos.multivec(
    url="https://server.gosling-lang.org/api/v1/tileset_info/?d=sequence-multivec",
    row="base",
    column="position",
    value="count",
    categories=["A", "T", "G", "C"]
)

bar = gos.Track(data).mark_bar().encode(
    x="position:G",
    y=gos.Y("count:Q", axis="none"),
    color=gos.Color("base:N", domain=["A", "T", "G", "C"], legend=True)
)

text = gos.Track(data).mark_text().encode(
    x="start:G",
    xe="end:G",
    size=gos.value(24),
    color=gos.value("white"),
    text="base:N",
).transform_filter_not("count", oneOf=[0])

# Exercise: Uncomment the following lines and fill in the properties
# determines visibility of the text labels
text = text.visibility_lt(
    # add here
    # target=?,
    # measure=?,
    # threshold=?,
    # transitionPadding=?
)

sequence = gos.overlay(bar, text).properties(
    xDomain=gos.GenomicDomain(interval=[1000000, 1000010])
)

sequence
------------------

[0;31m---------------------------------------------------------------------------[0m
[0;31mSchemaValidationError[0m                     Traceback (most recent call last)
Input [0;32mIn [6][0m, in [0;36m<cell line: 25>[0;34m()[0m
[1;32m     15[0m text [38;5;241m=[39m gos[38;5;241m.[39mTrack(data)[38;5;241m.[39mmark_text()[38;5;241m.[39mencode(
[1;32m     16[0m     x[38;5;241m=[39m[38;5;124m"[39m[38;5;124mstart:G[39m[38;5;124m"[39m,
[1;32m     17[0m     xe[38;5;241m=[39m[38;5;124m"[39m[38;5;124mend:G[39m[38;5;124m"[39m,
[0;32m   (...)[0m
[1;32m     20[0m     text[38;5;241m=[39m[38;5;124m"[39m[38;5;124mbase:N[39m[38;5;124m"[39m,
[1;32m     21[0m )[38;5;241m.[39mtransform_filter_not([38;5;124m"[39m[38;5;124mcount[39m[38;5;124m"[39m, oneOf[38;5;241m=[39m[[38;5;241m0[39m])
[1;32m     23[0m [38;5;66;03m# Exercise: Uncomment the following lines and fill in the properties[39;00m
[1;32m     24[0m [38;5;66;03m# determines visibility of the text labels[39;00m
[0;32m---> 25[0m text [38;5;241m=[39m [43mtext[49m[38;5;241;43m.[39;49m[43mvisibility_lt[49m[43m([49m
[1;32m     26[0m [43m    [49m[38;5;66;43;03m# add here[39;49;00m
[1;32m     27[0m [43m    [49m[38;5;66;43;03m# target=?,[39;49;00m
[1;32m     28[0m [43m    [49m[38;5;66;43;03m# measure=?,[39;49;00m
[1;32m     29[0m [43m    [49m[38;5;66;43;03m# threshold=?,[39;49;00m
[1;32m     30[0m [43m    [49m[38;5;66;43;03m# transitionPadding=?[39;49;00m
[1;32m     31[0m [43m)[49m
[1;32m     33[0m sequence [38;5;241m=[39m gos[38;5;241m.[39moverlay(bar, text)[38;5;241m.[39mproperties(
[1;32m     34[0m     xDomain[38;5;241m=[39mgos[38;5;241m.[39mGenomicDomain(interval[38;5;241m=[39m[[38;5;241m1000000[39m, [38;5;241m1000010[39m])
[1;32m     35[0m )
[1;32m     37[0m sequence

File [0;32m/opt/hostedtoolcache/Python/3.10.5/x64/lib/python3.10/site-packages/gosling/api.py:162[0m, in [0;36m_VisibilityMixin.visibility_lt[0;34m(self, **kwargs)[0m
[1;32m    159[0m [38;5;129m@utils[39m[38;5;241m.[39muse_signature(core[38;5;241m.[39mVisibilityCondition)
[1;32m    160[0m [38;5;28;01mdef[39;00m [38;5;21mvisibility_lt[39m([38;5;28mself[39m: T, [38;5;241m*[39m[38;5;241m*[39mkwargs) [38;5;241m-[39m[38;5;241m>[39m T:
[1;32m    161[0m     [38;5;124;03m"""Add less-than VisibilityCondition to Track"""[39;00m
[0;32m--> 162[0m     [38;5;28;01mreturn[39;00m [38;5;28mself[39m[38;5;241m.[39m_add_visibility([43mcore[49m[38;5;241;43m.[39;49m[43mVisibilityCondition[49m[43m([49m[43moperation[49m[38;5;241;43m=[39;49m[38;5;124;43m"[39;49m[38;5;124;43mLT[39;49m[38;5;124;43m"[39;49m[43m,[49m[43m [49m[38;5;241;43m*[39;49m[38;5;241;43m*[39;49m[43mkwargs[49m[43m)[49m)

File [0;32m/opt/hostedtoolcache/Python/3.10.5/x64/lib/python3.10/site-packages/gosling/schema/core.py:2564[0m, in [0;36mVisibilityCondition.__init__[0;34m(self, *args, **kwds)[0m
[1;32m   2563[0m [38;5;28;01mdef[39;00m [38;5;21m__init__[39m([38;5;28mself[39m, [38;5;241m*[39margs, [38;5;241m*[39m[38;5;241m*[39mkwds):
[0;32m-> 2564[0m     [38;5;28;43msuper[39;49m[43m([49m[43mVisibilityCondition[49m[43m,[49m[43m [49m[38;5;28;43mself[39;49m[43m)[49m[38;5;241;43m.[39;49m[38;5;21;43m__init__[39;49m[43m([49m[38;5;241;43m*[39;49m[43margs[49m[43m,[49m[43m [49m[38;5;241;43m*[39;49m[38;5;241;43m*[39;49m[43mkwds[49m[43m)[49m

File [0;32m/opt/hostedtoolcache/Python/3.10.5/x64/lib/python3.10/site-packages/gosling/schemapi.py:176[0m, in [0;36mSchemaBase.__init__[0;34m(self, *args, **kwds)[0m
[1;32m    173[0m [38;5;28mobject[39m[38;5;241m.[39m[38;5;21m__setattr__[39m([38;5;28mself[39m, [38;5;124m"[39m[38;5;124m_kwds[39m[38;5;124m"[39m, kwds)
[1;32m    175[0m [38;5;28;01mif[39;00m DEBUG_MODE [38;5;129;01mand[39;00m [38;5;28mself[39m[38;5;241m.[39m_class_is_valid_at_instantiation:
[0;32m--> 176[0m     [38;5;28;43mself[39;49m[38;5;241;43m.[39;49m[43mto_dict[49m[43m([49m[43mvalidate[49m[38;5;241;43m=[39;49m[38;5;28;43;01mTrue[39;49;00m[43m)[49m

File [0;32m/opt/hostedtoolcache/Python/3.10.5/x64/lib/python3.10/site-packages/gosling/schemapi.py:339[0m, in [0;36mSchemaBase.to_dict[0;34m(self, validate, ignore, context)[0m
[1;32m    337[0m         [38;5;28mself[39m[38;5;241m.[39mvalidate(result)
[1;32m    338[0m     [38;5;28;01mexcept[39;00m jsonschema[38;5;241m.[39mValidationError [38;5;28;01mas[39;00m err:
[0;32m--> 339[0m         [38;5;28;01mraise[39;00m SchemaValidationError([38;5;28mself[39m, err)
[1;32m    340[0m [38;5;28;01mreturn[39;00m result

[0;31mSchemaValidationError[0m: Invalid specification

        gosling.schema.core.VisibilityCondition->0, validating 'required'

        'measure' is a required property
        
SchemaValidationError: Invalid specification

        gosling.schema.core.VisibilityCondition->0, validating 'required'

        'measure' is a required property
        

